0 info it worked if it ends with ok
1 verbose cli [ 'node',
1 verbose cli   '/usr/local/bin/npm',
1 verbose cli   'install',
1 verbose cli   '--keep-dev',
1 verbose cli   'angular-mocks' ]
2 info using npm@1.1.71
3 info using node@v0.8.6
4 verbose node symlink /usr/local/bin/node
5 verbose read json /Users/telekid/Development/AngularJSTutorial/package.json
6 warn package.json cables@0.3.0 No README.md file found!
7 verbose read json /Users/telekid/Development/AngularJSTutorial/node_modules/karma/package.json
8 verbose read json /Users/telekid/Development/AngularJSTutorial/node_modules/karma-chrome-launcher/package.json
9 verbose read json /Users/telekid/Development/AngularJSTutorial/node_modules/karma-coffee-preprocessor/package.json
10 verbose read json /Users/telekid/Development/AngularJSTutorial/node_modules/karma-firefox-launcher/package.json
11 verbose read json /Users/telekid/Development/AngularJSTutorial/node_modules/karma-html2js-preprocessor/package.json
12 verbose read json /Users/telekid/Development/AngularJSTutorial/node_modules/karma-jasmine/package.json
13 verbose read json /Users/telekid/Development/AngularJSTutorial/node_modules/karma-phantomjs-launcher/package.json
14 verbose read json /Users/telekid/Development/AngularJSTutorial/node_modules/karma-requirejs/package.json
15 verbose read json /Users/telekid/Development/AngularJSTutorial/node_modules/karma-script-launcher/package.json
16 verbose read json /Users/telekid/Development/AngularJSTutorial/node_modules/requirejs/package.json
17 verbose from cache /Users/telekid/Development/AngularJSTutorial/package.json
18 verbose readDependencies using package.json deps
19 verbose cache add [ 'angular-mocks', null ]
20 silly cache add name=undefined spec="angular-mocks" args=["angular-mocks",null]
21 verbose parsed url { pathname: 'angular-mocks',
21 verbose parsed url   path: 'angular-mocks',
21 verbose parsed url   href: 'angular-mocks' }
22 silly lockFile 8931440b-angular-mocks angular-mocks
23 verbose lock angular-mocks /Users/telekid/.npm/8931440b-angular-mocks.lock
24 silly lockFile 8931440b-angular-mocks angular-mocks
25 verbose addNamed [ 'angular-mocks', '' ]
26 verbose addNamed [ null, '' ]
27 silly lockFile e61b77e9-angular-mocks angular-mocks@
28 verbose lock angular-mocks@ /Users/telekid/.npm/e61b77e9-angular-mocks.lock
29 silly addNameRange { name: 'angular-mocks', range: '', hasData: false }
30 verbose url raw angular-mocks
31 verbose url resolving [ 'https://registry.npmjs.org/', './angular-mocks' ]
32 verbose url resolved https://registry.npmjs.org/angular-mocks
33 info trying registry request attempt 1 at 17:03:36
34 http GET https://registry.npmjs.org/angular-mocks
35 http 404 https://registry.npmjs.org/angular-mocks
36 silly registry.get cb [ 404,
36 silly registry.get   { date: 'Tue, 14 Jan 2014 22:03:37 GMT',
36 silly registry.get     server: 'CouchDB/1.5.0 (Erlang OTP/R15B03)',
36 silly registry.get     'content-type': 'application/json',
36 silly registry.get     'cache-control': 'max-age=0',
36 silly registry.get     'content-length': '52',
36 silly registry.get     'accept-ranges': 'bytes',
36 silly registry.get     via: '1.1 varnish',
36 silly registry.get     age: '0',
36 silly registry.get     'x-served-by': 'cache-jfk1024-JFK',
36 silly registry.get     'x-cache': 'MISS',
36 silly registry.get     'x-cache-hits': '0',
36 silly registry.get     'x-timer': 'S1389737017.159869432,VS0,VE53',
36 silly registry.get     'keep-alive': 'timeout=10, max=50',
36 silly registry.get     connection: 'Keep-Alive' } ]
37 silly lockFile e61b77e9-angular-mocks angular-mocks@
38 error 404 'angular-mocks' is not in the npm registry.
38 error 404 You should bug the author to publish it
38 error 404
38 error 404 Note that you can also install from a
38 error 404 tarball, folder, or http url, or git url.
39 error System Darwin 13.0.0
40 error command "node" "/usr/local/bin/npm" "install" "--keep-dev" "angular-mocks"
41 error cwd /Users/telekid/Development/AngularJSTutorial
42 error node -v v0.8.6
43 error npm -v 1.1.71
44 error code E404
45 verbose exit [ 1, true ]
